2019-04-30 17:09:15.5490 | 18004 | iisexpress | ERROR | ASP.global_asax | ASP.global_asax.Application_Error : 41 | Error Url=localhost,  Message=
 에러 발생 원인 : System.Web
 에러 메시지    : d:\Svn\SocialWith\Handler\Admin\CompanyHandler.ashx(1296): error CS1061: 'SocialWith.Biz.Pay.PayService'에 'GetSalesExactcal'에 대한 정의가 없고 'SocialWith.Biz.Pay.PayService' 형식의 첫 번째 인수를 허용하는 확장 메서드 'GetSalesExactcal'이(가) 없습니다. using 지시문 또는 어셈블리 참조가 있는지 확인하십시오.
 Stack Trace    :    위치: System.Web.Compilation.AssemblyBuilder.Compile()
   위치: System.Web.Compilation.BuildProvidersCompiler.PerformBuild()
   위치: System.Web.Compilation.BuildManager.CompileWebFile(VirtualPath virtualPath)
   위치: System.Web.Compilation.BuildManager.GetVPathBuildResultInternal(VirtualPath virtualPath, Boolean noBuild, Boolean allowCrossApp, Boolean allowBuildInPrecompile, Boolean throwIfNotFound, Boolean ensureIsUpToDate)
   위치: System.Web.Compilation.BuildManager.GetVPathBuildResultWithNoAssert(HttpContext context, VirtualPath virtualPath, Boolean noBuild, Boolean allowCrossApp, Boolean allowBuildInPrecompile, Boolean throwIfNotFound, Boolean ensureIsUpToDate)
   위치: System.Web.Compilation.BuildManager.GetVPathBuildResult(HttpContext context, VirtualPath virtualPath, Boolean noBuild, Boolean allowCrossApp, Boolean allowBuildInPrecompile, Boolean ensureIsUpToDate)
   위치: System.Web.UI.SimpleHandlerFactory.System.Web.IHttpHandlerFactory2.GetHandler(HttpContext context, String requestType, VirtualPath virtualPath, String physicalPath)
   위치: System.Web.UI.SimpleHandlerFactory.GetHandler(HttpContext context, String requestType, String virtualPath, String path)
   위치: System.Web.HttpApplication.MaterializeHandlerExecutionStep.System.Web.HttpApplication.IExecutionStep.Execute()
   위치: System.Web.HttpApplication.ExecuteStepImpl(IExecutionStep step)
   위치: System.Web.HttpApplication.ExecuteStep(IExecutionStep step, Boolean& completedSynchronously)
 내부 오류      :  | 
2019-04-30 17:09:29.0503 | 18004 | iisexpress | ERROR | ASP.global_asax | ASP.global_asax.Application_Error : 41 | Error Url=localhost,  Message=
 에러 발생 원인 : System.Web
 에러 메시지    : d:\Svn\SocialWith\Handler\Admin\CompanyHandler.ashx(1296): error CS1061: 'SocialWith.Biz.Pay.PayService'에 'GetSalesExactcal'에 대한 정의가 없고 'SocialWith.Biz.Pay.PayService' 형식의 첫 번째 인수를 허용하는 확장 메서드 'GetSalesExactcal'이(가) 없습니다. using 지시문 또는 어셈블리 참조가 있는지 확인하십시오.
 Stack Trace    :    위치: System.Web.Compilation.AssemblyBuilder.Compile()
   위치: System.Web.Compilation.BuildProvidersCompiler.PerformBuild()
   위치: System.Web.Compilation.BuildManager.CompileWebFile(VirtualPath virtualPath)
   위치: System.Web.Compilation.BuildManager.GetVPathBuildResultInternal(VirtualPath virtualPath, Boolean noBuild, Boolean allowCrossApp, Boolean allowBuildInPrecompile, Boolean throwIfNotFound, Boolean ensureIsUpToDate)
   위치: System.Web.Compilation.BuildManager.GetVPathBuildResultWithNoAssert(HttpContext context, VirtualPath virtualPath, Boolean noBuild, Boolean allowCrossApp, Boolean allowBuildInPrecompile, Boolean throwIfNotFound, Boolean ensureIsUpToDate)
   위치: System.Web.Compilation.BuildManager.GetVPathBuildResult(HttpContext context, VirtualPath virtualPath, Boolean noBuild, Boolean allowCrossApp, Boolean allowBuildInPrecompile, Boolean ensureIsUpToDate)
   위치: System.Web.UI.SimpleHandlerFactory.System.Web.IHttpHandlerFactory2.GetHandler(HttpContext context, String requestType, VirtualPath virtualPath, String physicalPath)
   위치: System.Web.UI.SimpleHandlerFactory.GetHandler(HttpContext context, String requestType, String virtualPath, String path)
   위치: System.Web.HttpApplication.MaterializeHandlerExecutionStep.System.Web.HttpApplication.IExecutionStep.Execute()
   위치: System.Web.HttpApplication.ExecuteStepImpl(IExecutionStep step)
   위치: System.Web.HttpApplication.ExecuteStep(IExecutionStep step, Boolean& completedSynchronously)
 내부 오류      :  | 
2019-04-30 17:10:44.2600 | 18004 | iisexpress | ERROR | ASP.global_asax | ASP.global_asax.Application_Error : 41 | Error Url=localhost,  Message=
 에러 발생 원인 : System.Web
 에러 메시지    : d:\Svn\SocialWith\Handler\Admin\CompanyHandler.ashx(1262): error CS0103: 'gubun' 이름이 현재 컨텍스트에 없습니다.
 Stack Trace    :    위치: System.Web.Compilation.AssemblyBuilder.Compile()
   위치: System.Web.Compilation.BuildProvidersCompiler.PerformBuild()
   위치: System.Web.Compilation.BuildManager.CompileWebFile(VirtualPath virtualPath)
   위치: System.Web.Compilation.BuildManager.GetVPathBuildResultInternal(VirtualPath virtualPath, Boolean noBuild, Boolean allowCrossApp, Boolean allowBuildInPrecompile, Boolean throwIfNotFound, Boolean ensureIsUpToDate)
   위치: System.Web.Compilation.BuildManager.GetVPathBuildResultWithNoAssert(HttpContext context, VirtualPath virtualPath, Boolean noBuild, Boolean allowCrossApp, Boolean allowBuildInPrecompile, Boolean throwIfNotFound, Boolean ensureIsUpToDate)
   위치: System.Web.Compilation.BuildManager.GetVPathBuildResult(HttpContext context, VirtualPath virtualPath, Boolean noBuild, Boolean allowCrossApp, Boolean allowBuildInPrecompile, Boolean ensureIsUpToDate)
   위치: System.Web.UI.SimpleHandlerFactory.System.Web.IHttpHandlerFactory2.GetHandler(HttpContext context, String requestType, VirtualPath virtualPath, String physicalPath)
   위치: System.Web.UI.SimpleHandlerFactory.GetHandler(HttpContext context, String requestType, String virtualPath, String path)
   위치: System.Web.HttpApplication.MaterializeHandlerExecutionStep.System.Web.HttpApplication.IExecutionStep.Execute()
   위치: System.Web.HttpApplication.ExecuteStepImpl(IExecutionStep step)
   위치: System.Web.HttpApplication.ExecuteStep(IExecutionStep step, Boolean& completedSynchronously)
 내부 오류      :  | 
2019-04-30 17:10:50.0770 | 18004 | iisexpress | ERROR | ASP.global_asax | ASP.global_asax.Application_Error : 41 | Error Url=localhost,  Message=
 에러 발생 원인 : System.Web
 에러 메시지    : d:\Svn\SocialWith\Handler\Admin\CompanyHandler.ashx(1262): error CS0103: 'gubun' 이름이 현재 컨텍스트에 없습니다.
 Stack Trace    :    위치: System.Web.Compilation.BuildManager.PostProcessFoundBuildResult(BuildResult result, Boolean keyFromVPP, VirtualPath virtualPath)
   위치: System.Web.Compilation.BuildManager.GetBuildResultFromCacheInternal(String cacheKey, Boolean keyFromVPP, VirtualPath virtualPath, Int64 hashCode, Boolean ensureIsUpToDate)
   위치: System.Web.Compilation.BuildManager.GetVPathBuildResultFromCacheInternal(VirtualPath virtualPath, Boolean ensureIsUpToDate)
   위치: System.Web.Compilation.BuildManager.GetVPathBuildResultInternal(VirtualPath virtualPath, Boolean noBuild, Boolean allowCrossApp, Boolean allowBuildInPrecompile, Boolean throwIfNotFound, Boolean ensureIsUpToDate)
   위치: System.Web.Compilation.BuildManager.GetVPathBuildResultWithNoAssert(HttpContext context, VirtualPath virtualPath, Boolean noBuild, Boolean allowCrossApp, Boolean allowBuildInPrecompile, Boolean throwIfNotFound, Boolean ensureIsUpToDate)
   위치: System.Web.Compilation.BuildManager.GetVPathBuildResult(HttpContext context, VirtualPath virtualPath, Boolean noBuild, Boolean allowCrossApp, Boolean allowBuildInPrecompile, Boolean ensureIsUpToDate)
   위치: System.Web.UI.SimpleHandlerFactory.System.Web.IHttpHandlerFactory2.GetHandler(HttpContext context, String requestType, VirtualPath virtualPath, String physicalPath)
   위치: System.Web.UI.SimpleHandlerFactory.GetHandler(HttpContext context, String requestType, String virtualPath, String path)
   위치: System.Web.HttpApplication.MaterializeHandlerExecutionStep.System.Web.HttpApplication.IExecutionStep.Execute()
   위치: System.Web.HttpApplication.ExecuteStepImpl(IExecutionStep step)
   위치: System.Web.HttpApplication.ExecuteStep(IExecutionStep step, Boolean& completedSynchronously)
 내부 오류      :  | 
2019-04-30 17:11:05.9114 | 18004 | iisexpress | ERROR | ASP.global_asax | ASP.global_asax.Application_Error : 41 | Error Url=localhost,  Message=
 에러 발생 원인 : System.Web
 에러 메시지    : d:\Svn\SocialWith\Handler\Admin\CompanyHandler.ashx(1296): error CS1061: 'SocialWith.Biz.Pay.PayService'에 'GetSalesExactcal'에 대한 정의가 없고 'SocialWith.Biz.Pay.PayService' 형식의 첫 번째 인수를 허용하는 확장 메서드 'GetSalesExactcal'이(가) 없습니다. using 지시문 또는 어셈블리 참조가 있는지 확인하십시오.
 Stack Trace    :    위치: System.Web.Compilation.AssemblyBuilder.Compile()
   위치: System.Web.Compilation.BuildProvidersCompiler.PerformBuild()
   위치: System.Web.Compilation.BuildManager.CompileWebFile(VirtualPath virtualPath)
   위치: System.Web.Compilation.BuildManager.GetVPathBuildResultInternal(VirtualPath virtualPath, Boolean noBuild, Boolean allowCrossApp, Boolean allowBuildInPrecompile, Boolean throwIfNotFound, Boolean ensureIsUpToDate)
   위치: System.Web.Compilation.BuildManager.GetVPathBuildResultWithNoAssert(HttpContext context, VirtualPath virtualPath, Boolean noBuild, Boolean allowCrossApp, Boolean allowBuildInPrecompile, Boolean throwIfNotFound, Boolean ensureIsUpToDate)
   위치: System.Web.Compilation.BuildManager.GetVPathBuildResult(HttpContext context, VirtualPath virtualPath, Boolean noBuild, Boolean allowCrossApp, Boolean allowBuildInPrecompile, Boolean ensureIsUpToDate)
   위치: System.Web.UI.SimpleHandlerFactory.System.Web.IHttpHandlerFactory2.GetHandler(HttpContext context, String requestType, VirtualPath virtualPath, String physicalPath)
   위치: System.Web.UI.SimpleHandlerFactory.GetHandler(HttpContext context, String requestType, String virtualPath, String path)
   위치: System.Web.HttpApplication.MaterializeHandlerExecutionStep.System.Web.HttpApplication.IExecutionStep.Execute()
   위치: System.Web.HttpApplication.ExecuteStepImpl(IExecutionStep step)
   위치: System.Web.HttpApplication.ExecuteStep(IExecutionStep step, Boolean& completedSynchronously)
 내부 오류      :  | 
2019-04-30 17:12:27.9323 | 18004 | iisexpress | ERROR | ASP.global_asax | ASP.global_asax.Application_Error : 41 | Error Url=localhost,  Message=
 에러 발생 원인 : System.Web
 에러 메시지    : d:\Svn\SocialWith\Handler\Admin\CompanyHandler.ashx(1296): error CS1061: 'SocialWith.Biz.Pay.PayService'에 'GetSalesExactcal'에 대한 정의가 없고 'SocialWith.Biz.Pay.PayService' 형식의 첫 번째 인수를 허용하는 확장 메서드 'GetSalesExactcal'이(가) 없습니다. using 지시문 또는 어셈블리 참조가 있는지 확인하십시오.
 Stack Trace    :    위치: System.Web.Compilation.AssemblyBuilder.Compile()
   위치: System.Web.Compilation.BuildProvidersCompiler.PerformBuild()
   위치: System.Web.Compilation.BuildManager.CompileWebFile(VirtualPath virtualPath)
   위치: System.Web.Compilation.BuildManager.GetVPathBuildResultInternal(VirtualPath virtualPath, Boolean noBuild, Boolean allowCrossApp, Boolean allowBuildInPrecompile, Boolean throwIfNotFound, Boolean ensureIsUpToDate)
   위치: System.Web.Compilation.BuildManager.GetVPathBuildResultWithNoAssert(HttpContext context, VirtualPath virtualPath, Boolean noBuild, Boolean allowCrossApp, Boolean allowBuildInPrecompile, Boolean throwIfNotFound, Boolean ensureIsUpToDate)
   위치: System.Web.Compilation.BuildManager.GetVPathBuildResult(HttpContext context, VirtualPath virtualPath, Boolean noBuild, Boolean allowCrossApp, Boolean allowBuildInPrecompile, Boolean ensureIsUpToDate)
   위치: System.Web.UI.SimpleHandlerFactory.System.Web.IHttpHandlerFactory2.GetHandler(HttpContext context, String requestType, VirtualPath virtualPath, String physicalPath)
   위치: System.Web.UI.SimpleHandlerFactory.GetHandler(HttpContext context, String requestType, String virtualPath, String path)
   위치: System.Web.HttpApplication.MaterializeHandlerExecutionStep.System.Web.HttpApplication.IExecutionStep.Execute()
   위치: System.Web.HttpApplication.ExecuteStepImpl(IExecutionStep step)
   위치: System.Web.HttpApplication.ExecuteStep(IExecutionStep step, Boolean& completedSynchronously)
 내부 오류      :  | 
2019-04-30 17:12:55.6988 | 18004 | iisexpress | ERROR | ASP.global_asax | ASP.global_asax.Application_Error : 41 | Error Url=localhost,  Message=
 에러 발생 원인 : System.Web
 에러 메시지    : d:\Svn\SocialWith\Handler\Admin\CompanyHandler.ashx(1296): error CS1061: 'SocialWith.Biz.Pay.PayService'에 'GetSalesExactcal'에 대한 정의가 없고 'SocialWith.Biz.Pay.PayService' 형식의 첫 번째 인수를 허용하는 확장 메서드 'GetSalesExactcal'이(가) 없습니다. using 지시문 또는 어셈블리 참조가 있는지 확인하십시오.
 Stack Trace    :    위치: System.Web.Compilation.AssemblyBuilder.Compile()
   위치: System.Web.Compilation.BuildProvidersCompiler.PerformBuild()
   위치: System.Web.Compilation.BuildManager.CompileWebFile(VirtualPath virtualPath)
   위치: System.Web.Compilation.BuildManager.GetVPathBuildResultInternal(VirtualPath virtualPath, Boolean noBuild, Boolean allowCrossApp, Boolean allowBuildInPrecompile, Boolean throwIfNotFound, Boolean ensureIsUpToDate)
   위치: System.Web.Compilation.BuildManager.GetVPathBuildResultWithNoAssert(HttpContext context, VirtualPath virtualPath, Boolean noBuild, Boolean allowCrossApp, Boolean allowBuildInPrecompile, Boolean throwIfNotFound, Boolean ensureIsUpToDate)
   위치: System.Web.Compilation.BuildManager.GetVPathBuildResult(HttpContext context, VirtualPath virtualPath, Boolean noBuild, Boolean allowCrossApp, Boolean allowBuildInPrecompile, Boolean ensureIsUpToDate)
   위치: System.Web.UI.SimpleHandlerFactory.System.Web.IHttpHandlerFactory2.GetHandler(HttpContext context, String requestType, VirtualPath virtualPath, String physicalPath)
   위치: System.Web.UI.SimpleHandlerFactory.GetHandler(HttpContext context, String requestType, String virtualPath, String path)
   위치: System.Web.HttpApplication.MaterializeHandlerExecutionStep.System.Web.HttpApplication.IExecutionStep.Execute()
   위치: System.Web.HttpApplication.ExecuteStepImpl(IExecutionStep step)
   위치: System.Web.HttpApplication.ExecuteStep(IExecutionStep step, Boolean& completedSynchronously)
 내부 오류      :  | 
2019-04-30 17:14:53.4929 | 18004 | iisexpress | ERROR | ASP.global_asax | ASP.global_asax.Application_Error : 41 | Error Url=localhost,  Message=
 에러 발생 원인 : System.Web
 에러 메시지    : d:\Svn\SocialWith\Handler\Admin\CompanyHandler.ashx(1296): error CS1061: 'SocialWith.Biz.Pay.PayService'에 'GetSalesExactcal'에 대한 정의가 없고 'SocialWith.Biz.Pay.PayService' 형식의 첫 번째 인수를 허용하는 확장 메서드 'GetSalesExactcal'이(가) 없습니다. using 지시문 또는 어셈블리 참조가 있는지 확인하십시오.
 Stack Trace    :    위치: System.Web.Compilation.AssemblyBuilder.Compile()
   위치: System.Web.Compilation.BuildProvidersCompiler.PerformBuild()
   위치: System.Web.Compilation.BuildManager.CompileWebFile(VirtualPath virtualPath)
   위치: System.Web.Compilation.BuildManager.GetVPathBuildResultInternal(VirtualPath virtualPath, Boolean noBuild, Boolean allowCrossApp, Boolean allowBuildInPrecompile, Boolean throwIfNotFound, Boolean ensureIsUpToDate)
   위치: System.Web.Compilation.BuildManager.GetVPathBuildResultWithNoAssert(HttpContext context, VirtualPath virtualPath, Boolean noBuild, Boolean allowCrossApp, Boolean allowBuildInPrecompile, Boolean throwIfNotFound, Boolean ensureIsUpToDate)
   위치: System.Web.Compilation.BuildManager.GetVPathBuildResult(HttpContext context, VirtualPath virtualPath, Boolean noBuild, Boolean allowCrossApp, Boolean allowBuildInPrecompile, Boolean ensureIsUpToDate)
   위치: System.Web.UI.SimpleHandlerFactory.System.Web.IHttpHandlerFactory2.GetHandler(HttpContext context, String requestType, VirtualPath virtualPath, String physicalPath)
   위치: System.Web.UI.SimpleHandlerFactory.GetHandler(HttpContext context, String requestType, String virtualPath, String path)
   위치: System.Web.HttpApplication.MaterializeHandlerExecutionStep.System.Web.HttpApplication.IExecutionStep.Execute()
   위치: System.Web.HttpApplication.ExecuteStepImpl(IExecutionStep step)
   위치: System.Web.HttpApplication.ExecuteStep(IExecutionStep step, Boolean& completedSynchronously)
 내부 오류      :  | 
2019-04-30 17:16:41.1531 | 18004 | iisexpress | ERROR | ASP.global_asax | ASP.global_asax.Application_Error : 41 | Error Url=localhost,  Message=
 에러 발생 원인 : System.Web
 에러 메시지    : d:\Svn\SocialWith\Handler\Admin\CompanyHandler.ashx(1296): error CS1061: 'SocialWith.Biz.Pay.PayService'에 'GetSalesExactcal'에 대한 정의가 없고 'SocialWith.Biz.Pay.PayService' 형식의 첫 번째 인수를 허용하는 확장 메서드 'GetSalesExactcal'이(가) 없습니다. using 지시문 또는 어셈블리 참조가 있는지 확인하십시오.
 Stack Trace    :    위치: System.Web.Compilation.AssemblyBuilder.Compile()
   위치: System.Web.Compilation.BuildProvidersCompiler.PerformBuild()
   위치: System.Web.Compilation.BuildManager.CompileWebFile(VirtualPath virtualPath)
   위치: System.Web.Compilation.BuildManager.GetVPathBuildResultInternal(VirtualPath virtualPath, Boolean noBuild, Boolean allowCrossApp, Boolean allowBuildInPrecompile, Boolean throwIfNotFound, Boolean ensureIsUpToDate)
   위치: System.Web.Compilation.BuildManager.GetVPathBuildResultWithNoAssert(HttpContext context, VirtualPath virtualPath, Boolean noBuild, Boolean allowCrossApp, Boolean allowBuildInPrecompile, Boolean throwIfNotFound, Boolean ensureIsUpToDate)
   위치: System.Web.Compilation.BuildManager.GetVPathBuildResult(HttpContext context, VirtualPath virtualPath, Boolean noBuild, Boolean allowCrossApp, Boolean allowBuildInPrecompile, Boolean ensureIsUpToDate)
   위치: System.Web.UI.SimpleHandlerFactory.System.Web.IHttpHandlerFactory2.GetHandler(HttpContext context, String requestType, VirtualPath virtualPath, String physicalPath)
   위치: System.Web.UI.SimpleHandlerFactory.GetHandler(HttpContext context, String requestType, String virtualPath, String path)
   위치: System.Web.HttpApplication.MaterializeHandlerExecutionStep.System.Web.HttpApplication.IExecutionStep.Execute()
   위치: System.Web.HttpApplication.ExecuteStepImpl(IExecutionStep step)
   위치: System.Web.HttpApplication.ExecuteStep(IExecutionStep step, Boolean& completedSynchronously)
 내부 오류      :  | 
2019-04-30 17:21:02.3256 | 18004 | iisexpress | ERROR | ASP.global_asax | ASP.global_asax.Application_Error : 41 | Error Url=localhost,  Message=
 에러 발생 원인 : System.Web
 에러 메시지    : d:\Svn\SocialWith\Handler\Admin\CompanyHandler.ashx(1296): error CS1061: 'SocialWith.Biz.Pay.PayService'에 'GetSalesExactcal'에 대한 정의가 없고 'SocialWith.Biz.Pay.PayService' 형식의 첫 번째 인수를 허용하는 확장 메서드 'GetSalesExactcal'이(가) 없습니다. using 지시문 또는 어셈블리 참조가 있는지 확인하십시오.
 Stack Trace    :    위치: System.Web.Compilation.AssemblyBuilder.Compile()
   위치: System.Web.Compilation.BuildProvidersCompiler.PerformBuild()
   위치: System.Web.Compilation.BuildManager.CompileWebFile(VirtualPath virtualPath)
   위치: System.Web.Compilation.BuildManager.GetVPathBuildResultInternal(VirtualPath virtualPath, Boolean noBuild, Boolean allowCrossApp, Boolean allowBuildInPrecompile, Boolean throwIfNotFound, Boolean ensureIsUpToDate)
   위치: System.Web.Compilation.BuildManager.GetVPathBuildResultWithNoAssert(HttpContext context, VirtualPath virtualPath, Boolean noBuild, Boolean allowCrossApp, Boolean allowBuildInPrecompile, Boolean throwIfNotFound, Boolean ensureIsUpToDate)
   위치: System.Web.Compilation.BuildManager.GetVPathBuildResult(HttpContext context, VirtualPath virtualPath, Boolean noBuild, Boolean allowCrossApp, Boolean allowBuildInPrecompile, Boolean ensureIsUpToDate)
   위치: System.Web.UI.SimpleHandlerFactory.System.Web.IHttpHandlerFactory2.GetHandler(HttpContext context, String requestType, VirtualPath virtualPath, String physicalPath)
   위치: System.Web.UI.SimpleHandlerFactory.GetHandler(HttpContext context, String requestType, String virtualPath, String path)
   위치: System.Web.HttpApplication.MaterializeHandlerExecutionStep.System.Web.HttpApplication.IExecutionStep.Execute()
   위치: System.Web.HttpApplication.ExecuteStepImpl(IExecutionStep step)
   위치: System.Web.HttpApplication.ExecuteStep(IExecutionStep step, Boolean& completedSynchronously)
 내부 오류      :  | 
2019-04-30 17:24:38.1232 | 18004 | iisexpress | ERROR | ASP.global_asax | ASP.global_asax.Application_Error : 41 | Error Url=localhost,  Message=
 에러 발생 원인 : System.Web
 에러 메시지    : d:\Svn\SocialWith\Handler\Admin\CompanyHandler.ashx(1296): error CS1061: 'SocialWith.Biz.Pay.PayService'에 'GetSalesExactcal'에 대한 정의가 없고 'SocialWith.Biz.Pay.PayService' 형식의 첫 번째 인수를 허용하는 확장 메서드 'GetSalesExactcal'이(가) 없습니다. using 지시문 또는 어셈블리 참조가 있는지 확인하십시오.
 Stack Trace    :    위치: System.Web.Compilation.AssemblyBuilder.Compile()
   위치: System.Web.Compilation.BuildProvidersCompiler.PerformBuild()
   위치: System.Web.Compilation.BuildManager.CompileWebFile(VirtualPath virtualPath)
   위치: System.Web.Compilation.BuildManager.GetVPathBuildResultInternal(VirtualPath virtualPath, Boolean noBuild, Boolean allowCrossApp, Boolean allowBuildInPrecompile, Boolean throwIfNotFound, Boolean ensureIsUpToDate)
   위치: System.Web.Compilation.BuildManager.GetVPathBuildResultWithNoAssert(HttpContext context, VirtualPath virtualPath, Boolean noBuild, Boolean allowCrossApp, Boolean allowBuildInPrecompile, Boolean throwIfNotFound, Boolean ensureIsUpToDate)
   위치: System.Web.Compilation.BuildManager.GetVPathBuildResult(HttpContext context, VirtualPath virtualPath, Boolean noBuild, Boolean allowCrossApp, Boolean allowBuildInPrecompile, Boolean ensureIsUpToDate)
   위치: System.Web.UI.SimpleHandlerFactory.System.Web.IHttpHandlerFactory2.GetHandler(HttpContext context, String requestType, VirtualPath virtualPath, String physicalPath)
   위치: System.Web.UI.SimpleHandlerFactory.GetHandler(HttpContext context, String requestType, String virtualPath, String path)
   위치: System.Web.HttpApplication.MaterializeHandlerExecutionStep.System.Web.HttpApplication.IExecutionStep.Execute()
   위치: System.Web.HttpApplication.ExecuteStepImpl(IExecutionStep step)
   위치: System.Web.HttpApplication.ExecuteStep(IExecutionStep step, Boolean& completedSynchronously)
 내부 오류      :  | 
2019-04-30 17:29:48.0254 | 18004 | iisexpress | ERROR | ASP.global_asax | ASP.global_asax.Application_Error : 41 | Error Url=localhost,  Message=
 에러 발생 원인 : System.Web
 에러 메시지    : d:\Svn\SocialWith\Handler\Admin\CompanyHandler.ashx(1296): error CS1061: 'SocialWith.Biz.Pay.PayService'에 'GetSalesExactcal'에 대한 정의가 없고 'SocialWith.Biz.Pay.PayService' 형식의 첫 번째 인수를 허용하는 확장 메서드 'GetSalesExactcal'이(가) 없습니다. using 지시문 또는 어셈블리 참조가 있는지 확인하십시오.
 Stack Trace    :    위치: System.Web.Compilation.AssemblyBuilder.Compile()
   위치: System.Web.Compilation.BuildProvidersCompiler.PerformBuild()
   위치: System.Web.Compilation.BuildManager.CompileWebFile(VirtualPath virtualPath)
   위치: System.Web.Compilation.BuildManager.GetVPathBuildResultInternal(VirtualPath virtualPath, Boolean noBuild, Boolean allowCrossApp, Boolean allowBuildInPrecompile, Boolean throwIfNotFound, Boolean ensureIsUpToDate)
   위치: System.Web.Compilation.BuildManager.GetVPathBuildResultWithNoAssert(HttpContext context, VirtualPath virtualPath, Boolean noBuild, Boolean allowCrossApp, Boolean allowBuildInPrecompile, Boolean throwIfNotFound, Boolean ensureIsUpToDate)
   위치: System.Web.Compilation.BuildManager.GetVPathBuildResult(HttpContext context, VirtualPath virtualPath, Boolean noBuild, Boolean allowCrossApp, Boolean allowBuildInPrecompile, Boolean ensureIsUpToDate)
   위치: System.Web.UI.SimpleHandlerFactory.System.Web.IHttpHandlerFactory2.GetHandler(HttpContext context, String requestType, VirtualPath virtualPath, String physicalPath)
   위치: System.Web.UI.SimpleHandlerFactory.GetHandler(HttpContext context, String requestType, String virtualPath, String path)
   위치: System.Web.HttpApplication.MaterializeHandlerExecutionStep.System.Web.HttpApplication.IExecutionStep.Execute()
   위치: System.Web.HttpApplication.ExecuteStepImpl(IExecutionStep step)
   위치: System.Web.HttpApplication.ExecuteStep(IExecutionStep step, Boolean& completedSynchronously)
 내부 오류      :  | 
